<?xml version="1.0" encoding="UTF-8"?>
<testsuite xmlns:xsi="http://www.w3.org/2001/XMLSchema-instance" xsi:noNamespaceSchemaLocation="https://maven.apache.org/surefire/maven-surefire-plugin/xsd/surefire-test-report.xsd" name="de.kreuzwerker.cdc.userservice.MockedUserServiceContractTest" time="0.022" tests="1" errors="0" skipped="1" failures="0">
  <properties>
    <property name="sun.desktop" value="windows"/>
    <property name="awt.toolkit" value="sun.awt.windows.WToolkit"/>
    <property name="java.specification.version" value="12"/>
    <property name="sun.cpu.isalist" value="amd64"/>
    <property name="sun.jnu.encoding" value="Cp1252"/>
    <property name="java.class.path" value="D:\JAVA_CODE\cdc-with-pact\user-service\target\test-classes;D:\JAVA_CODE\cdc-with-pact\user-service\target\classes;C:\Users\raupppee\.m2\repository\org\springframework\boot\spring-boot-starter-web\2.0.6.RELEASE\spring-boot-starter-web-2.0.6.RELEASE.jar;C:\Users\raupppee\.m2\repository\org\springframework\boot\spring-boot-starter\2.0.6.RELEASE\spring-boot-starter-2.0.6.RELEASE.jar;C:\Users\raupppee\.m2\repository\org\springframework\boot\spring-boot\2.0.6.RELEASE\spring-boot-2.0.6.RELEASE.jar;C:\Users\raupppee\.m2\repository\org\springframework\boot\spring-boot-autoconfigure\2.0.6.RELEASE\spring-boot-autoconfigure-2.0.6.RELEASE.jar;C:\Users\raupppee\.m2\repository\org\springframework\boot\spring-boot-starter-logging\2.0.6.RELEASE\spring-boot-starter-logging-2.0.6.RELEASE.jar;C:\Users\raupppee\.m2\repository\ch\qos\logback\logback-classic\1.2.3\logback-classic-1.2.3.jar;C:\Users\raupppee\.m2\repository\ch\qos\logback\logback-core\1.2.3\logback-core-1.2.3.jar;C:\Users\raupppee\.m2\repository\org\apache\logging\log4j\log4j-to-slf4j\2.10.0\log4j-to-slf4j-2.10.0.jar;C:\Users\raupppee\.m2\repository\org\apache\logging\log4j\log4j-api\2.10.0\log4j-api-2.10.0.jar;C:\Users\raupppee\.m2\repository\org\slf4j\jul-to-slf4j\1.7.25\jul-to-slf4j-1.7.25.jar;C:\Users\raupppee\.m2\repository\javax\annotation\javax.annotation-api\1.3.2\javax.annotation-api-1.3.2.jar;C:\Users\raupppee\.m2\repository\org\yaml\snakeyaml\1.19\snakeyaml-1.19.jar;C:\Users\raupppee\.m2\repository\org\springframework\boot\spring-boot-starter-json\2.0.6.RELEASE\spring-boot-starter-json-2.0.6.RELEASE.jar;C:\Users\raupppee\.m2\repository\com\fasterxml\jackson\core\jackson-databind\2.9.7\jackson-databind-2.9.7.jar;C:\Users\raupppee\.m2\repository\com\fasterxml\jackson\datatype\jackson-datatype-jdk8\2.9.7\jackson-datatype-jdk8-2.9.7.jar;C:\Users\raupppee\.m2\repository\com\fasterxml\jackson\datatype\jackson-datatype-jsr310\2.9.7\jackson-datatype-jsr310-2.9.7.jar;C:\Users\raupppee\.m2\repository\com\fasterxml\jackson\module\jackson-module-parameter-names\2.9.7\jackson-module-parameter-names-2.9.7.jar;C:\Users\raupppee\.m2\repository\org\springframework\boot\spring-boot-starter-tomcat\2.0.6.RELEASE\spring-boot-starter-tomcat-2.0.6.RELEASE.jar;C:\Users\raupppee\.m2\repository\org\apache\tomcat\embed\tomcat-embed-core\8.5.34\tomcat-embed-core-8.5.34.jar;C:\Users\raupppee\.m2\repository\org\apache\tomcat\embed\tomcat-embed-el\8.5.34\tomcat-embed-el-8.5.34.jar;C:\Users\raupppee\.m2\repository\org\apache\tomcat\embed\tomcat-embed-websocket\8.5.34\tomcat-embed-websocket-8.5.34.jar;C:\Users\raupppee\.m2\repository\org\hibernate\validator\hibernate-validator\6.0.13.Final\hibernate-validator-6.0.13.Final.jar;C:\Users\raupppee\.m2\repository\javax\validation\validation-api\2.0.1.Final\validation-api-2.0.1.Final.jar;C:\Users\raupppee\.m2\repository\org\jboss\logging\jboss-logging\3.3.2.Final\jboss-logging-3.3.2.Final.jar;C:\Users\raupppee\.m2\repository\com\fasterxml\classmate\1.3.4\classmate-1.3.4.jar;C:\Users\raupppee\.m2\repository\org\springframework\spring-web\5.0.10.RELEASE\spring-web-5.0.10.RELEASE.jar;C:\Users\raupppee\.m2\repository\org\springframework\spring-beans\5.0.10.RELEASE\spring-beans-5.0.10.RELEASE.jar;C:\Users\raupppee\.m2\repository\org\springframework\spring-webmvc\5.0.10.RELEASE\spring-webmvc-5.0.10.RELEASE.jar;C:\Users\raupppee\.m2\repository\org\springframework\spring-aop\5.0.10.RELEASE\spring-aop-5.0.10.RELEASE.jar;C:\Users\raupppee\.m2\repository\org\springframework\spring-context\5.0.10.RELEASE\spring-context-5.0.10.RELEASE.jar;C:\Users\raupppee\.m2\repository\org\springframework\spring-expression\5.0.10.RELEASE\spring-expression-5.0.10.RELEASE.jar;C:\Users\raupppee\.m2\repository\org\projectlombok\lombok\1.16.22\lombok-1.16.22.jar;C:\Users\raupppee\.m2\repository\org\springframework\boot\spring-boot-starter-test\2.0.6.RELEASE\spring-boot-starter-test-2.0.6.RELEASE.jar;C:\Users\raupppee\.m2\repository\org\springframework\boot\spring-boot-test\2.0.6.RELEASE\spring-boot-test-2.0.6.RELEASE.jar;C:\Users\raupppee\.m2\repository\org\springframework\boot\spring-boot-test-autoconfigure\2.0.6.RELEASE\spring-boot-test-autoconfigure-2.0.6.RELEASE.jar;C:\Users\raupppee\.m2\repository\com\jayway\jsonpath\json-path\2.4.0\json-path-2.4.0.jar;C:\Users\raupppee\.m2\repository\net\minidev\json-smart\2.3\json-smart-2.3.jar;C:\Users\raupppee\.m2\repository\net\minidev\accessors-smart\1.2\accessors-smart-1.2.jar;C:\Users\raupppee\.m2\repository\org\ow2\asm\asm\5.0.4\asm-5.0.4.jar;C:\Users\raupppee\.m2\repository\org\slf4j\slf4j-api\1.7.25\slf4j-api-1.7.25.jar;C:\Users\raupppee\.m2\repository\junit\junit\4.12\junit-4.12.jar;C:\Users\raupppee\.m2\repository\org\assertj\assertj-core\3.9.1\assertj-core-3.9.1.jar;C:\Users\raupppee\.m2\repository\org\mockito\mockito-core\2.15.0\mockito-core-2.15.0.jar;C:\Users\raupppee\.m2\repository\net\bytebuddy\byte-buddy\1.7.11\byte-buddy-1.7.11.jar;C:\Users\raupppee\.m2\repository\net\bytebuddy\byte-buddy-agent\1.7.11\byte-buddy-agent-1.7.11.jar;C:\Users\raupppee\.m2\repository\org\objenesis\objenesis\2.6\objenesis-2.6.jar;C:\Users\raupppee\.m2\repository\org\hamcrest\hamcrest-core\1.3\hamcrest-core-1.3.jar;C:\Users\raupppee\.m2\repository\org\hamcrest\hamcrest-library\1.3\hamcrest-library-1.3.jar;C:\Users\raupppee\.m2\repository\org\skyscreamer\jsonassert\1.5.0\jsonassert-1.5.0.jar;C:\Users\raupppee\.m2\repository\com\vaadin\external\google\android-json\0.0.20131108.vaadin1\android-json-0.0.20131108.vaadin1.jar;C:\Users\raupppee\.m2\repository\org\springframework\spring-core\5.0.10.RELEASE\spring-core-5.0.10.RELEASE.jar;C:\Users\raupppee\.m2\repository\org\springframework\spring-jcl\5.0.10.RELEASE\spring-jcl-5.0.10.RELEASE.jar;C:\Users\raupppee\.m2\repository\org\springframework\spring-test\5.0.10.RELEASE\spring-test-5.0.10.RELEASE.jar;C:\Users\raupppee\.m2\repository\org\xmlunit\xmlunit-core\2.5.1\xmlunit-core-2.5.1.jar;C:\Users\raupppee\.m2\repository\au\com\dius\pact-jvm-provider-spring_2.12\3.6.12\pact-jvm-provider-spring_2.12-3.6.12.jar;C:\Users\raupppee\.m2\repository\au\com\dius\pact-jvm-provider-junit_2.12\3.6.12\pact-jvm-provider-junit_2.12-3.6.12.jar;C:\Users\raupppee\.m2\repository\au\com\dius\pact-jvm-support\3.6.12\pact-jvm-support-3.6.12.jar;C:\Users\raupppee\.m2\repository\org\jetbrains\kotlin\kotlin-stdlib-jdk8\1.2.51\kotlin-stdlib-jdk8-1.2.51.jar;C:\Users\raupppee\.m2\repository\org\jetbrains\kotlin\kotlin-stdlib\1.2.51\kotlin-stdlib-1.2.51.jar;C:\Users\raupppee\.m2\repository\org\jetbrains\kotlin\kotlin-stdlib-common\1.2.51\kotlin-stdlib-common-1.2.51.jar;C:\Users\raupppee\.m2\repository\org\jetbrains\annotations\13.0\annotations-13.0.jar;C:\Users\raupppee\.m2\repository\org\jetbrains\kotlin\kotlin-stdlib-jdk7\1.2.51\kotlin-stdlib-jdk7-1.2.51.jar;C:\Users\raupppee\.m2\repository\com\google\code\findbugs\jsr305\3.0.2\jsr305-3.0.2.jar;C:\Users\raupppee\.m2\repository\com\google\code\gson\gson\2.8.5\gson-2.8.5.jar;C:\Users\raupppee\.m2\repository\com\github\salomonbrys\kotson\kotson\2.5.0\kotson-2.5.0.jar;C:\Users\raupppee\.m2\repository\au\com\dius\pact-jvm-provider_2.12\3.6.12\pact-jvm-provider_2.12-3.6.12.jar;C:\Users\raupppee\.m2\repository\au\com\dius\pact-jvm-model\3.6.12\pact-jvm-model-3.6.12.jar;C:\Users\raupppee\.m2\repository\com\github\zafarkhaja\java-semver\0.9.0\java-semver-0.9.0.jar;C:\Users\raupppee\.m2\repository\org\apache\commons\commons-collections4\4.1\commons-collections4-4.1.jar;C:\Users\raupppee\.m2\repository\com\github\mifmif\generex\1.0.2\generex-1.0.2.jar;C:\Users\raupppee\.m2\repository\dk\brics\automaton\automaton\1.11-8\automaton-1.11-8.jar;C:\Users\raupppee\.m2\repository\org\jetbrains\kotlin\kotlin-reflect\1.2.51\kotlin-reflect-1.2.51.jar;C:\Users\raupppee\.m2\repository\com\amazonaws\aws-java-sdk-s3\1.11.587\aws-java-sdk-s3-1.11.587.jar;C:\Users\raupppee\.m2\repository\com\amazonaws\aws-java-sdk-kms\1.11.587\aws-java-sdk-kms-1.11.587.jar;C:\Users\raupppee\.m2\repository\com\amazonaws\aws-java-sdk-core\1.11.587\aws-java-sdk-core-1.11.587.jar;C:\Users\raupppee\.m2\repository\software\amazon\ion\ion-java\1.0.2\ion-java-1.0.2.jar;C:\Users\raupppee\.m2\repository\com\fasterxml\jackson\dataformat\jackson-dataformat-cbor\2.9.7\jackson-dataformat-cbor-2.9.7.jar;C:\Users\raupppee\.m2\repository\com\amazonaws\jmespath-java\1.11.587\jmespath-java-1.11.587.jar;C:\Users\raupppee\.m2\repository\au\com\dius\pact-jvm-pact-broker\3.6.12\pact-jvm-pact-broker-3.6.12.jar;C:\Users\raupppee\.m2\repository\org\codehaus\groovy\groovy\2.4.15\groovy-2.4.15.jar;C:\Users\raupppee\.m2\repository\org\codehaus\groovy\groovy-json\2.4.15\groovy-json-2.4.15.jar;C:\Users\raupppee\.m2\repository\org\dmfs\rfc3986-uri\0.8\rfc3986-uri-0.8.jar;C:\Users\raupppee\.m2\repository\org\dmfs\iterators\1.5\iterators-1.5.jar;C:\Users\raupppee\.m2\repository\org\dmfs\optional\0.3\optional-0.3.jar;C:\Users\raupppee\.m2\repository\io\github\microutils\kotlin-logging\1.4.4\kotlin-logging-1.4.4.jar;C:\Users\raupppee\.m2\repository\au\com\dius\pact-jvm-matchers_2.12\3.6.12\pact-jvm-matchers_2.12-3.6.12.jar;C:\Users\raupppee\.m2\repository\io\gatling\jsonpath_2.12\0.6.10\jsonpath_2.12-0.6.10.jar;C:\Users\raupppee\.m2\repository\org\scala-lang\modules\scala-parser-combinators_2.12\1.0.6\scala-parser-combinators_2.12-1.0.6.jar;C:\Users\raupppee\.m2\repository\com\googlecode\java-diff-utils\diffutils\1.3.0\diffutils-1.3.0.jar;C:\Users\raupppee\.m2\repository\org\scala-lang\modules\scala-xml_2.12\1.0.6\scala-xml_2.12-1.0.6.jar;C:\Users\raupppee\.m2\repository\org\scala-lang\scala-library\2.12.7\scala-library-2.12.7.jar;C:\Users\raupppee\.m2\repository\com\typesafe\scala-logging\scala-logging_2.12\3.7.2\scala-logging_2.12-3.7.2.jar;C:\Users\raupppee\.m2\repository\org\atteo\evo-inflector\1.2.2\evo-inflector-1.2.2.jar;C:\Users\raupppee\.m2\repository\commons-io\commons-io\2.5\commons-io-2.5.jar;C:\Users\raupppee\.m2\repository\org\fusesource\jansi\jansi\1.17.1\jansi-1.17.1.jar;C:\Users\raupppee\.m2\repository\org\reflections\reflections\0.9.11\reflections-0.9.11.jar;C:\Users\raupppee\.m2\repository\org\javassist\javassist\3.21.0-GA\javassist-3.21.0-GA.jar;C:\Users\raupppee\.m2\repository\org\scala-lang\modules\scala-java8-compat_2.12\0.9.0\scala-java8-compat_2.12-0.9.0.jar;C:\Users\raupppee\.m2\repository\org\apache\httpcomponents\fluent-hc\4.5.6\fluent-hc-4.5.6.jar;C:\Users\raupppee\.m2\repository\commons-logging\commons-logging\1.2\commons-logging-1.2.jar;C:\Users\raupppee\.m2\repository\org\apache\httpcomponents\httpclient\4.5.6\httpclient-4.5.6.jar;C:\Users\raupppee\.m2\repository\org\apache\httpcomponents\httpcore\4.4.10\httpcore-4.4.10.jar;C:\Users\raupppee\.m2\repository\commons-codec\commons-codec\1.11\commons-codec-1.11.jar;C:\Users\raupppee\.m2\repository\org\apache\commons\commons-lang3\3.7\commons-lang3-3.7.jar;C:\Users\raupppee\.m2\repository\org\jooq\jool\0.9.14\jool-0.9.14.jar;C:\Users\raupppee\.m2\repository\com\github\rholder\guava-retrying\2.0.0\guava-retrying-2.0.0.jar;C:\Users\raupppee\.m2\repository\com\google\guava\guava\28.0-jre\guava-28.0-jre.jar;C:\Users\raupppee\.m2\repository\com\google\guava\failureaccess\1.0.1\failureaccess-1.0.1.jar;C:\Users\raupppee\.m2\repository\com\google\guava\listenablefuture\9999.0-empty-to-avoid-conflict-with-guava\listenablefuture-9999.0-empty-to-avoid-conflict-with-guava.jar;C:\Users\raupppee\.m2\repository\org\checkerframework\checker-qual\2.8.1\checker-qual-2.8.1.jar;C:\Users\raupppee\.m2\repository\com\google\errorprone\error_prone_annotations\2.3.2\error_prone_annotations-2.3.2.jar;C:\Users\raupppee\.m2\repository\com\google\j2objc\j2objc-annotations\1.3\j2objc-annotations-1.3.jar;C:\Users\raupppee\.m2\repository\org\codehaus\mojo\animal-sniffer-annotations\1.17\animal-sniffer-annotations-1.17.jar;C:\Users\raupppee\.m2\repository\javax\mail\mail\1.5.0-b01\mail-1.5.0-b01.jar;C:\Users\raupppee\.m2\repository\javax\activation\activation\1.1\activation-1.1.jar;C:\Users\raupppee\.m2\repository\javax\servlet\javax.servlet-api\3.1.0\javax.servlet-api-3.1.0.jar;C:\Users\raupppee\.m2\repository\com\fasterxml\jackson\datatype\jackson-datatype-joda\2.9.7\jackson-datatype-joda-2.9.7.jar;C:\Users\raupppee\.m2\repository\com\fasterxml\jackson\core\jackson-annotations\2.9.0\jackson-annotations-2.9.0.jar;C:\Users\raupppee\.m2\repository\com\fasterxml\jackson\core\jackson-core\2.9.7\jackson-core-2.9.7.jar;C:\Users\raupppee\.m2\repository\joda-time\joda-time\2.9.9\joda-time-2.9.9.jar;"/>
    <property name="java.vm.vendor" value="Oracle Corporation"/>
    <property name="sun.arch.data.model" value="64"/>
    <property name="user.variant" value=""/>
    <property name="java.vendor.url" value="https://java.oracle.com/"/>
    <property name="os.name" value="Windows 10"/>
    <property name="java.vm.specification.version" value="12"/>
    <property name="sun.java.launcher" value="SUN_STANDARD"/>
    <property name="user.country" value="ES"/>
    <property name="sun.boot.library.path" value="D:\Java\jdk-12.0.1\bin"/>
    <property name="sun.java.command" value="C:\Users\raupppee\AppData\Local\Temp\surefire164453016146376899\surefirebooter14592083527656440999.jar C:\Users\raupppee\AppData\Local\Temp\surefire164453016146376899 2019-07-25T14-00-29_732-jvmRun1 surefire1316556762955967543tmp surefire_08540700819880711095tmp"/>
    <property name="jdk.debug" value="release"/>
    <property name="surefire.test.class.path" value="D:\JAVA_CODE\cdc-with-pact\user-service\target\test-classes;D:\JAVA_CODE\cdc-with-pact\user-service\target\classes;C:\Users\raupppee\.m2\repository\org\springframework\boot\spring-boot-starter-web\2.0.6.RELEASE\spring-boot-starter-web-2.0.6.RELEASE.jar;C:\Users\raupppee\.m2\repository\org\springframework\boot\spring-boot-starter\2.0.6.RELEASE\spring-boot-starter-2.0.6.RELEASE.jar;C:\Users\raupppee\.m2\repository\org\springframework\boot\spring-boot\2.0.6.RELEASE\spring-boot-2.0.6.RELEASE.jar;C:\Users\raupppee\.m2\repository\org\springframework\boot\spring-boot-autoconfigure\2.0.6.RELEASE\spring-boot-autoconfigure-2.0.6.RELEASE.jar;C:\Users\raupppee\.m2\repository\org\springframework\boot\spring-boot-starter-logging\2.0.6.RELEASE\spring-boot-starter-logging-2.0.6.RELEASE.jar;C:\Users\raupppee\.m2\repository\ch\qos\logback\logback-classic\1.2.3\logback-classic-1.2.3.jar;C:\Users\raupppee\.m2\repository\ch\qos\logback\logback-core\1.2.3\logback-core-1.2.3.jar;C:\Users\raupppee\.m2\repository\org\apache\logging\log4j\log4j-to-slf4j\2.10.0\log4j-to-slf4j-2.10.0.jar;C:\Users\raupppee\.m2\repository\org\apache\logging\log4j\log4j-api\2.10.0\log4j-api-2.10.0.jar;C:\Users\raupppee\.m2\repository\org\slf4j\jul-to-slf4j\1.7.25\jul-to-slf4j-1.7.25.jar;C:\Users\raupppee\.m2\repository\javax\annotation\javax.annotation-api\1.3.2\javax.annotation-api-1.3.2.jar;C:\Users\raupppee\.m2\repository\org\yaml\snakeyaml\1.19\snakeyaml-1.19.jar;C:\Users\raupppee\.m2\repository\org\springframework\boot\spring-boot-starter-json\2.0.6.RELEASE\spring-boot-starter-json-2.0.6.RELEASE.jar;C:\Users\raupppee\.m2\repository\com\fasterxml\jackson\core\jackson-databind\2.9.7\jackson-databind-2.9.7.jar;C:\Users\raupppee\.m2\repository\com\fasterxml\jackson\datatype\jackson-datatype-jdk8\2.9.7\jackson-datatype-jdk8-2.9.7.jar;C:\Users\raupppee\.m2\repository\com\fasterxml\jackson\datatype\jackson-datatype-jsr310\2.9.7\jackson-datatype-jsr310-2.9.7.jar;C:\Users\raupppee\.m2\repository\com\fasterxml\jackson\module\jackson-module-parameter-names\2.9.7\jackson-module-parameter-names-2.9.7.jar;C:\Users\raupppee\.m2\repository\org\springframework\boot\spring-boot-starter-tomcat\2.0.6.RELEASE\spring-boot-starter-tomcat-2.0.6.RELEASE.jar;C:\Users\raupppee\.m2\repository\org\apache\tomcat\embed\tomcat-embed-core\8.5.34\tomcat-embed-core-8.5.34.jar;C:\Users\raupppee\.m2\repository\org\apache\tomcat\embed\tomcat-embed-el\8.5.34\tomcat-embed-el-8.5.34.jar;C:\Users\raupppee\.m2\repository\org\apache\tomcat\embed\tomcat-embed-websocket\8.5.34\tomcat-embed-websocket-8.5.34.jar;C:\Users\raupppee\.m2\repository\org\hibernate\validator\hibernate-validator\6.0.13.Final\hibernate-validator-6.0.13.Final.jar;C:\Users\raupppee\.m2\repository\javax\validation\validation-api\2.0.1.Final\validation-api-2.0.1.Final.jar;C:\Users\raupppee\.m2\repository\org\jboss\logging\jboss-logging\3.3.2.Final\jboss-logging-3.3.2.Final.jar;C:\Users\raupppee\.m2\repository\com\fasterxml\classmate\1.3.4\classmate-1.3.4.jar;C:\Users\raupppee\.m2\repository\org\springframework\spring-web\5.0.10.RELEASE\spring-web-5.0.10.RELEASE.jar;C:\Users\raupppee\.m2\repository\org\springframework\spring-beans\5.0.10.RELEASE\spring-beans-5.0.10.RELEASE.jar;C:\Users\raupppee\.m2\repository\org\springframework\spring-webmvc\5.0.10.RELEASE\spring-webmvc-5.0.10.RELEASE.jar;C:\Users\raupppee\.m2\repository\org\springframework\spring-aop\5.0.10.RELEASE\spring-aop-5.0.10.RELEASE.jar;C:\Users\raupppee\.m2\repository\org\springframework\spring-context\5.0.10.RELEASE\spring-context-5.0.10.RELEASE.jar;C:\Users\raupppee\.m2\repository\org\springframework\spring-expression\5.0.10.RELEASE\spring-expression-5.0.10.RELEASE.jar;C:\Users\raupppee\.m2\repository\org\projectlombok\lombok\1.16.22\lombok-1.16.22.jar;C:\Users\raupppee\.m2\repository\org\springframework\boot\spring-boot-starter-test\2.0.6.RELEASE\spring-boot-starter-test-2.0.6.RELEASE.jar;C:\Users\raupppee\.m2\repository\org\springframework\boot\spring-boot-test\2.0.6.RELEASE\spring-boot-test-2.0.6.RELEASE.jar;C:\Users\raupppee\.m2\repository\org\springframework\boot\spring-boot-test-autoconfigure\2.0.6.RELEASE\spring-boot-test-autoconfigure-2.0.6.RELEASE.jar;C:\Users\raupppee\.m2\repository\com\jayway\jsonpath\json-path\2.4.0\json-path-2.4.0.jar;C:\Users\raupppee\.m2\repository\net\minidev\json-smart\2.3\json-smart-2.3.jar;C:\Users\raupppee\.m2\repository\net\minidev\accessors-smart\1.2\accessors-smart-1.2.jar;C:\Users\raupppee\.m2\repository\org\ow2\asm\asm\5.0.4\asm-5.0.4.jar;C:\Users\raupppee\.m2\repository\org\slf4j\slf4j-api\1.7.25\slf4j-api-1.7.25.jar;C:\Users\raupppee\.m2\repository\junit\junit\4.12\junit-4.12.jar;C:\Users\raupppee\.m2\repository\org\assertj\assertj-core\3.9.1\assertj-core-3.9.1.jar;C:\Users\raupppee\.m2\repository\org\mockito\mockito-core\2.15.0\mockito-core-2.15.0.jar;C:\Users\raupppee\.m2\repository\net\bytebuddy\byte-buddy\1.7.11\byte-buddy-1.7.11.jar;C:\Users\raupppee\.m2\repository\net\bytebuddy\byte-buddy-agent\1.7.11\byte-buddy-agent-1.7.11.jar;C:\Users\raupppee\.m2\repository\org\objenesis\objenesis\2.6\objenesis-2.6.jar;C:\Users\raupppee\.m2\repository\org\hamcrest\hamcrest-core\1.3\hamcrest-core-1.3.jar;C:\Users\raupppee\.m2\repository\org\hamcrest\hamcrest-library\1.3\hamcrest-library-1.3.jar;C:\Users\raupppee\.m2\repository\org\skyscreamer\jsonassert\1.5.0\jsonassert-1.5.0.jar;C:\Users\raupppee\.m2\repository\com\vaadin\external\google\android-json\0.0.20131108.vaadin1\android-json-0.0.20131108.vaadin1.jar;C:\Users\raupppee\.m2\repository\org\springframework\spring-core\5.0.10.RELEASE\spring-core-5.0.10.RELEASE.jar;C:\Users\raupppee\.m2\repository\org\springframework\spring-jcl\5.0.10.RELEASE\spring-jcl-5.0.10.RELEASE.jar;C:\Users\raupppee\.m2\repository\org\springframework\spring-test\5.0.10.RELEASE\spring-test-5.0.10.RELEASE.jar;C:\Users\raupppee\.m2\repository\org\xmlunit\xmlunit-core\2.5.1\xmlunit-core-2.5.1.jar;C:\Users\raupppee\.m2\repository\au\com\dius\pact-jvm-provider-spring_2.12\3.6.12\pact-jvm-provider-spring_2.12-3.6.12.jar;C:\Users\raupppee\.m2\repository\au\com\dius\pact-jvm-provider-junit_2.12\3.6.12\pact-jvm-provider-junit_2.12-3.6.12.jar;C:\Users\raupppee\.m2\repository\au\com\dius\pact-jvm-support\3.6.12\pact-jvm-support-3.6.12.jar;C:\Users\raupppee\.m2\repository\org\jetbrains\kotlin\kotlin-stdlib-jdk8\1.2.51\kotlin-stdlib-jdk8-1.2.51.jar;C:\Users\raupppee\.m2\repository\org\jetbrains\kotlin\kotlin-stdlib\1.2.51\kotlin-stdlib-1.2.51.jar;C:\Users\raupppee\.m2\repository\org\jetbrains\kotlin\kotlin-stdlib-common\1.2.51\kotlin-stdlib-common-1.2.51.jar;C:\Users\raupppee\.m2\repository\org\jetbrains\annotations\13.0\annotations-13.0.jar;C:\Users\raupppee\.m2\repository\org\jetbrains\kotlin\kotlin-stdlib-jdk7\1.2.51\kotlin-stdlib-jdk7-1.2.51.jar;C:\Users\raupppee\.m2\repository\com\google\code\findbugs\jsr305\3.0.2\jsr305-3.0.2.jar;C:\Users\raupppee\.m2\repository\com\google\code\gson\gson\2.8.5\gson-2.8.5.jar;C:\Users\raupppee\.m2\repository\com\github\salomonbrys\kotson\kotson\2.5.0\kotson-2.5.0.jar;C:\Users\raupppee\.m2\repository\au\com\dius\pact-jvm-provider_2.12\3.6.12\pact-jvm-provider_2.12-3.6.12.jar;C:\Users\raupppee\.m2\repository\au\com\dius\pact-jvm-model\3.6.12\pact-jvm-model-3.6.12.jar;C:\Users\raupppee\.m2\repository\com\github\zafarkhaja\java-semver\0.9.0\java-semver-0.9.0.jar;C:\Users\raupppee\.m2\repository\org\apache\commons\commons-collections4\4.1\commons-collections4-4.1.jar;C:\Users\raupppee\.m2\repository\com\github\mifmif\generex\1.0.2\generex-1.0.2.jar;C:\Users\raupppee\.m2\repository\dk\brics\automaton\automaton\1.11-8\automaton-1.11-8.jar;C:\Users\raupppee\.m2\repository\org\jetbrains\kotlin\kotlin-reflect\1.2.51\kotlin-reflect-1.2.51.jar;C:\Users\raupppee\.m2\repository\com\amazonaws\aws-java-sdk-s3\1.11.587\aws-java-sdk-s3-1.11.587.jar;C:\Users\raupppee\.m2\repository\com\amazonaws\aws-java-sdk-kms\1.11.587\aws-java-sdk-kms-1.11.587.jar;C:\Users\raupppee\.m2\repository\com\amazonaws\aws-java-sdk-core\1.11.587\aws-java-sdk-core-1.11.587.jar;C:\Users\raupppee\.m2\repository\software\amazon\ion\ion-java\1.0.2\ion-java-1.0.2.jar;C:\Users\raupppee\.m2\repository\com\fasterxml\jackson\dataformat\jackson-dataformat-cbor\2.9.7\jackson-dataformat-cbor-2.9.7.jar;C:\Users\raupppee\.m2\repository\com\amazonaws\jmespath-java\1.11.587\jmespath-java-1.11.587.jar;C:\Users\raupppee\.m2\repository\au\com\dius\pact-jvm-pact-broker\3.6.12\pact-jvm-pact-broker-3.6.12.jar;C:\Users\raupppee\.m2\repository\org\codehaus\groovy\groovy\2.4.15\groovy-2.4.15.jar;C:\Users\raupppee\.m2\repository\org\codehaus\groovy\groovy-json\2.4.15\groovy-json-2.4.15.jar;C:\Users\raupppee\.m2\repository\org\dmfs\rfc3986-uri\0.8\rfc3986-uri-0.8.jar;C:\Users\raupppee\.m2\repository\org\dmfs\iterators\1.5\iterators-1.5.jar;C:\Users\raupppee\.m2\repository\org\dmfs\optional\0.3\optional-0.3.jar;C:\Users\raupppee\.m2\repository\io\github\microutils\kotlin-logging\1.4.4\kotlin-logging-1.4.4.jar;C:\Users\raupppee\.m2\repository\au\com\dius\pact-jvm-matchers_2.12\3.6.12\pact-jvm-matchers_2.12-3.6.12.jar;C:\Users\raupppee\.m2\repository\io\gatling\jsonpath_2.12\0.6.10\jsonpath_2.12-0.6.10.jar;C:\Users\raupppee\.m2\repository\org\scala-lang\modules\scala-parser-combinators_2.12\1.0.6\scala-parser-combinators_2.12-1.0.6.jar;C:\Users\raupppee\.m2\repository\com\googlecode\java-diff-utils\diffutils\1.3.0\diffutils-1.3.0.jar;C:\Users\raupppee\.m2\repository\org\scala-lang\modules\scala-xml_2.12\1.0.6\scala-xml_2.12-1.0.6.jar;C:\Users\raupppee\.m2\repository\org\scala-lang\scala-library\2.12.7\scala-library-2.12.7.jar;C:\Users\raupppee\.m2\repository\com\typesafe\scala-logging\scala-logging_2.12\3.7.2\scala-logging_2.12-3.7.2.jar;C:\Users\raupppee\.m2\repository\org\atteo\evo-inflector\1.2.2\evo-inflector-1.2.2.jar;C:\Users\raupppee\.m2\repository\commons-io\commons-io\2.5\commons-io-2.5.jar;C:\Users\raupppee\.m2\repository\org\fusesource\jansi\jansi\1.17.1\jansi-1.17.1.jar;C:\Users\raupppee\.m2\repository\org\reflections\reflections\0.9.11\reflections-0.9.11.jar;C:\Users\raupppee\.m2\repository\org\javassist\javassist\3.21.0-GA\javassist-3.21.0-GA.jar;C:\Users\raupppee\.m2\repository\org\scala-lang\modules\scala-java8-compat_2.12\0.9.0\scala-java8-compat_2.12-0.9.0.jar;C:\Users\raupppee\.m2\repository\org\apache\httpcomponents\fluent-hc\4.5.6\fluent-hc-4.5.6.jar;C:\Users\raupppee\.m2\repository\commons-logging\commons-logging\1.2\commons-logging-1.2.jar;C:\Users\raupppee\.m2\repository\org\apache\httpcomponents\httpclient\4.5.6\httpclient-4.5.6.jar;C:\Users\raupppee\.m2\repository\org\apache\httpcomponents\httpcore\4.4.10\httpcore-4.4.10.jar;C:\Users\raupppee\.m2\repository\commons-codec\commons-codec\1.11\commons-codec-1.11.jar;C:\Users\raupppee\.m2\repository\org\apache\commons\commons-lang3\3.7\commons-lang3-3.7.jar;C:\Users\raupppee\.m2\repository\org\jooq\jool\0.9.14\jool-0.9.14.jar;C:\Users\raupppee\.m2\repository\com\github\rholder\guava-retrying\2.0.0\guava-retrying-2.0.0.jar;C:\Users\raupppee\.m2\repository\com\google\guava\guava\28.0-jre\guava-28.0-jre.jar;C:\Users\raupppee\.m2\repository\com\google\guava\failureaccess\1.0.1\failureaccess-1.0.1.jar;C:\Users\raupppee\.m2\repository\com\google\guava\listenablefuture\9999.0-empty-to-avoid-conflict-with-guava\listenablefuture-9999.0-empty-to-avoid-conflict-with-guava.jar;C:\Users\raupppee\.m2\repository\org\checkerframework\checker-qual\2.8.1\checker-qual-2.8.1.jar;C:\Users\raupppee\.m2\repository\com\google\errorprone\error_prone_annotations\2.3.2\error_prone_annotations-2.3.2.jar;C:\Users\raupppee\.m2\repository\com\google\j2objc\j2objc-annotations\1.3\j2objc-annotations-1.3.jar;C:\Users\raupppee\.m2\repository\org\codehaus\mojo\animal-sniffer-annotations\1.17\animal-sniffer-annotations-1.17.jar;C:\Users\raupppee\.m2\repository\javax\mail\mail\1.5.0-b01\mail-1.5.0-b01.jar;C:\Users\raupppee\.m2\repository\javax\activation\activation\1.1\activation-1.1.jar;C:\Users\raupppee\.m2\repository\javax\servlet\javax.servlet-api\3.1.0\javax.servlet-api-3.1.0.jar;C:\Users\raupppee\.m2\repository\com\fasterxml\jackson\datatype\jackson-datatype-joda\2.9.7\jackson-datatype-joda-2.9.7.jar;C:\Users\raupppee\.m2\repository\com\fasterxml\jackson\core\jackson-annotations\2.9.0\jackson-annotations-2.9.0.jar;C:\Users\raupppee\.m2\repository\com\fasterxml\jackson\core\jackson-core\2.9.7\jackson-core-2.9.7.jar;C:\Users\raupppee\.m2\repository\joda-time\joda-time\2.9.9\joda-time-2.9.9.jar;"/>
    <property name="sun.cpu.endian" value="little"/>
    <property name="user.home" value="C:\Users\raupppee"/>
    <property name="user.language" value="es"/>
    <property name="java.specification.vendor" value="Oracle Corporation"/>
    <property name="java.version.date" value="2019-04-16"/>
    <property name="java.home" value="D:\Java\jdk-12.0.1"/>
    <property name="file.separator" value="\"/>
    <property name="basedir" value="D:\JAVA_CODE\cdc-with-pact\user-service"/>
    <property name="java.vm.compressedOopsMode" value="Zero based"/>
    <property name="line.separator" value="&#10;"/>
    <property name="java.vm.specification.vendor" value="Oracle Corporation"/>
    <property name="java.specification.name" value="Java Platform API Specification"/>
    <property name="java.awt.graphicsenv" value="sun.awt.Win32GraphicsEnvironment"/>
    <property name="surefire.real.class.path" value="C:\Users\raupppee\AppData\Local\Temp\surefire164453016146376899\surefirebooter14592083527656440999.jar"/>
    <property name="user.script" value=""/>
    <property name="sun.management.compiler" value="HotSpot 64-Bit Tiered Compilers"/>
    <property name="java.runtime.version" value="12.0.1+12"/>
    <property name="user.name" value="raupppee"/>
    <property name="path.separator" value=";"/>
    <property name="os.version" value="10.0"/>
    <property name="java.runtime.name" value="OpenJDK Runtime Environment"/>
    <property name="file.encoding" value="Cp1252"/>
    <property name="java.vm.name" value="OpenJDK 64-Bit Server VM"/>
    <property name="localRepository" value="C:\Users\raupppee\.m2\repository"/>
    <property name="java.vendor.url.bug" value="https://bugreport.java.com/bugreport/"/>
    <property name="java.io.tmpdir" value="C:\Users\raupppee\AppData\Local\Temp\"/>
    <property name="java.version" value="12.0.1"/>
    <property name="user.dir" value="D:\JAVA_CODE\cdc-with-pact\user-service"/>
    <property name="os.arch" value="amd64"/>
    <property name="java.vm.specification.name" value="Java Virtual Machine Specification"/>
    <property name="sun.os.patch.level" value=""/>
    <property name="java.library.path" value="D:\Java\jdk-12.0.1\bin;C:\WINDOWS\Sun\Java\bin;C:\WINDOWS\system32;C:\WINDOWS;D:\softwares\gradle\bin;C:\ProgramData\DockerDesktop\version-bin;C:\Program Files\Docker\Docker\Resources\bin;D:\Java\jdk-12.0.1\bin;C:\Program Files (x86)\Common Files\Oracle\Java\javapath;C:\Program Files\CyberSafe\bin;C:\Program Files (x86)\CyberSafe\bin;C:\WINDOWS\system32;C:\WINDOWS;C:\WINDOWS\System32\Wbem;C:\WINDOWS\System32\WindowsPowerShell\v1.0\;C:\Program Files (x86)\Sennheiser\SoftphoneSDK\;C:\Program Files\Git\cmd;C:\WINDOWS\system32;C:\WINDOWS;C:\WINDOWS\System32\Wbem;C:\WINDOWS\System32\WindowsPowerShell\v1.0\;C:\WINDOWS\System32\OpenSSH\;D:\maven\apachemaven361\bin\;C:\Users\raupppee\.dnx\bin;C:\Program Files\Microsoft DNX\Dnvm\;C:\Program Files\Microsoft SQL Server\130\Tools\Binn\;C:\Users\raupppee\AppData\Local\Microsoft\WindowsApps;C:\Users\raupppee\AppData\Local\atom\bin;."/>
    <property name="java.vm.info" value="mixed mode, sharing"/>
    <property name="java.vendor" value="Oracle Corporation"/>
    <property name="java.vm.version" value="12.0.1+12"/>
    <property name="sun.io.unicode.encoding" value="UnicodeLittle"/>
    <property name="java.class.version" value="56.0"/>
  </properties>
  <testcase name="de.kreuzwerker.cdc.userservice.MockedUserServiceContractTest" classname="de.kreuzwerker.cdc.userservice.MockedUserServiceContractTest" time="0">
    <skipped/>
  </testcase>
</testsuite>